<testsuites name="jest tests" tests="8" failures="0" time="1.746">
  <testsuite name="Search Component" errors="0" failures="0" skipped="0" timestamp="2018-12-04T18:29:58" time="1.498" tests="7">
    <testcase classname="Search Component should render" name="Search Component should render" time="0.04">
    </testcase>
    <testcase classname="Search Component should render event name" name="Search Component should render event name" time="0.012">
    </testcase>
    <testcase classname="Search Component should render starts event date" name="Search Component should render starts event date" time="0.005">
    </testcase>
    <testcase classname="Search Component should render event place" name="Search Component should render event place" time="0.004">
    </testcase>
    <testcase classname="Search Component should render start event price" name="Search Component should render start event price" time="0.003">
    </testcase>
    <testcase classname="Search Component should render event image" name="Search Component should render event image" time="0.003">
    </testcase>
    <testcase classname="Search Component should render sticker free" name="Search Component should render sticker free" time="0.005">
    </testcase>
  </testsuite>
  <testsuite name="App" errors="0" failures="0" skipped="0" timestamp="2018-12-04T18:30:00" time="0.248" tests="1">
    <testcase classname="App should render" name="App should render" time="0.02">
    </testcase>
  </testsuite>
</testsuites>